Reading netlist file: "C:\Users\artur\Downloads\tangNano_9K\TangNano-9K-example\picotiny\project\impl\gwsynthesis\picotiny.vg"
Parsing netlist file "C:\Users\artur\Downloads\tangNano_9K\TangNano-9K-example\picotiny\project\impl\gwsynthesis\picotiny.vg" completed
Processing netlist completed
Reading constraint file: "C:\Users\artur\Downloads\tangNano_9K\TangNano-9K-example\picotiny\project\picotiny.cst"
Physical Constraint parsed completed
Running placement......
[10%] Placement Phase 0 completed
[20%] Placement Phase 1 completed
[30%] Placement Phase 2 completed
[50%] Placement Phase 3 completed
Running routing......
[60%] Routing Phase 0 completed
[70%] Routing Phase 1 completed
[80%] Routing Phase 2 completed
[90%] Routing Phase 3 completed
Running timing analysis......
[95%] Timing analysis completed
Placement and routing completed
Bitstream generation in progress......
Bitstream generation completed
Running power analysis......
[100%] Power analysis completed
Generate file "C:\Users\artur\Downloads\tangNano_9K\TangNano-9K-example\picotiny\project\impl\pnr\picotiny.power.html" completed
Generate file "C:\Users\artur\Downloads\tangNano_9K\TangNano-9K-example\picotiny\project\impl\pnr\picotiny.pin.html" completed
Generate file "C:\Users\artur\Downloads\tangNano_9K\TangNano-9K-example\picotiny\project\impl\pnr\picotiny.rpt.html" completed
Generate file "C:\Users\artur\Downloads\tangNano_9K\TangNano-9K-example\picotiny\project\impl\pnr\picotiny.rpt.txt" completed
Generate file "C:\Users\artur\Downloads\tangNano_9K\TangNano-9K-example\picotiny\project\impl\pnr\picotiny.tr.html" completed
Sun May  5 01:48:54 2024

